#------------------------------------------------------------------------------
# irace: An implementation in R of (Elitist) Iterated Racing
# Version: 3.4.1.9fcaeaf
# Copyright (C) 2010-2020
# Manuel Lopez-Ibanez     <manuel.lopez-ibanez@manchester.ac.uk>
# Jeremie Dubois-Lacoste  
# Leslie Perez Caceres    <leslie.perez.caceres@ulb.ac.be>
#
# This is free software, and you are welcome to redistribute it under certain
# conditions.  See the GNU General Public License for details. There is NO
# WARRANTY; not even for MERCHANTABILITY or FITNESS FOR A PARTICULAR PURPOSE.
#
# irace builds upon previous code from the race package:
#     race: Racing methods for the selection of the best
#     Copyright (C) 2003 Mauro Birattari
#------------------------------------------------------------------------------
# installed at: /home/intelie/R/x86_64-pc-linux-gnu-library/3.6/irace
# called with: 
Warning: A default scenario file './scenario.txt' has been found and will be read
# 2022-06-18 18:55:04 -03: Initialization
# Elitist race
# Elitist new instances: 1
# Elitist limit: 2
# nbIterations: 4
# minNbSurvival: 4
# nbParameters: 4
# seed: 2121738954
# confidence level: 0.95
# budget: 500
# mu: 5
# deterministic: FALSE

# 2022-06-18 18:55:04 -03: Iteration 1 of 4
# experimentsUsedSoFar: 0
# remainingBudget: 500
# currentBudget: 125
# nbConfigurations: 20
# Markers:
     x No test is performed.
     c Configurations are discarded only due to capping.
     - The test is performed and some configurations are discarded.
     = The test is performed but no configuration is discarded.
     ! The test is performed and configurations could be discarded but elite configurations are preserved.
     . All alive configurations are elite and nothing is discarded

+-+-----------+-----------+-----------+---------------+-----------+--------+-----+----+------+
| |   Instance|      Alive|       Best|      Mean best| Exp so far|  W time|  rho|KenW|  Qvar|
+-+-----------+-----------+-----------+---------------+-----------+--------+-----+----+------+
|x|          1|         20|          1|   -35528.00000|         20|00:00:42|   NA|  NA|    NA|
|x|          2|         20|         15|   -182668.0000|         40|00:09:52|+0.28|0.64|0.7889|
|x|          3|         20|         15|   -219516.3333|         60|00:08:38|+0.50|0.67|0.5336|
|x|          4|         20|         18|   -258326.0000|         80|00:08:45|+0.59|0.69|0.4550|
|-|          5|          6|         18|   -213156.8000|        100|00:00:43|+0.65|0.72|0.3501|
|-|          6|          3|         15|   -182674.8333|        106|00:00:18|-0.08|0.10|0.5835|
+-+-----------+-----------+-----------+---------------+-----------+--------+-----+----+------+
Best-so-far configuration:          15    mean value:    -182674.8333
Description of the best-so-far configuration:
   .ID. alfa iterMaxTemp initialTemperature finalTemperature .PARENT.
15   15 0.95          20                500              0.1       NA

# 2022-06-18 19:24:05 -03: Elite configurations (first number is the configuration ID; listed from best to worst according to the sum of ranks):
   alfa iterMaxTemp initialTemperature finalTemperature
15 0.95          20                500              0.1
18 0.95          20                250              0.1
19 0.95          20                500                1
# 2022-06-18 19:24:05 -03: Iteration 2 of 4
# experimentsUsedSoFar: 106
# remainingBudget: 394
# currentBudget: 131
# nbConfigurations: 21
# Markers:
     x No test is performed.
     c Configurations are discarded only due to capping.
     - The test is performed and some configurations are discarded.
     = The test is performed but no configuration is discarded.
     ! The test is performed and configurations could be discarded but elite configurations are preserved.
     . All alive configurations are elite and nothing is discarded

+-+-----------+-----------+-----------+---------------+-----------+--------+-----+----+------+
| |   Instance|      Alive|       Best|      Mean best| Exp so far|  W time|  rho|KenW|  Qvar|
+-+-----------+-----------+-----------+---------------+-----------+--------+-----+----+------+
|x|          7|         21|         34|   -18373.00000|         21|00:01:19|   NA|  NA|    NA|
|x|          3|         21|         18|   -156376.0000|         39|00:13:46|+0.74|0.87|0.1137|
|x|          4|         21|         18|   -228996.6667|         57|00:13:59|+0.78|0.85|0.1558|
|x|          2|         21|         24|   -254578.5000|         75|00:13:30|+0.80|0.85|0.1502|
|-|          1|          9|         24|   -210768.4000|         93|00:01:06|-0.01|0.20|0.7316|
|=|          5|          9|         24|   -181097.8333|         99|00:00:36|+0.12|0.27|0.6738|
|=|          6|          9|         24|   -159683.2857|        105|00:00:38|-0.01|0.13|0.8000|
|=|          8|          9|         30|   -143240.0000|        114|00:00:49|-0.02|0.11|0.8092|
+-+-----------+-----------+-----------+---------------+-----------+--------+-----+----+------+
Best-so-far configuration:          30    mean value:    -143240.0000
Description of the best-so-far configuration:
   .ID. alfa iterMaxTemp initialTemperature finalTemperature .PARENT.
30   30 0.95          20                500                1       15

# 2022-06-18 20:09:53 -03: Elite configurations (first number is the configuration ID; listed from best to worst according to the sum of ranks):
   alfa iterMaxTemp initialTemperature finalTemperature
30 0.95          20                500                1
24 0.95          20                500              0.1
27 0.95          30                250             0.01
34 0.95          30                500             0.01
# 2022-06-18 20:09:53 -03: Iteration 3 of 4
# experimentsUsedSoFar: 220
# remainingBudget: 280
# currentBudget: 140
# nbConfigurations: 19
# Markers:
     x No test is performed.
     c Configurations are discarded only due to capping.
     - The test is performed and some configurations are discarded.
     = The test is performed but no configuration is discarded.
     ! The test is performed and configurations could be discarded but elite configurations are preserved.
     . All alive configurations are elite and nothing is discarded

+-+-----------+-----------+-----------+---------------+-----------+--------+-----+----+------+
| |   Instance|      Alive|       Best|      Mean best| Exp so far|  W time|  rho|KenW|  Qvar|
+-+-----------+-----------+-----------+---------------+-----------+--------+-----+----+------+
|x|          9|         19|         30|   -119686.0000|         19|00:15:38|   NA|  NA|    NA|
|x|          5|         19|         24|   -75361.00000|         34|00:00:58|+0.68|0.84|0.1334|
|x|          6|         19|         30|   -61249.66667|         49|00:00:57|+0.59|0.73|0.1433|
|x|          2|         19|         30|   -128785.5000|         64|00:11:46|+0.59|0.69|0.2283|
|-|          7|         11|         30|   -106691.8000|         79|00:00:57|-0.14|0.09|1.0057|
|=|          1|         11|         30|   -94831.16667|         86|00:00:34|-0.11|0.07|0.8220|
|=|          8|         11|         30|   -85608.57143|         93|00:00:35|-0.07|0.08|0.7945|
|=|          3|         11|         30|   -111563.3750|        100|00:07:17|-0.00|0.12|0.7660|
|=|          4|         11|         44|   -140326.1111|        107|00:08:07|-0.01|0.10|0.7994|
|=|         10|         11|         44|   -149651.4000|        118|00:12:34|+0.01|0.11|0.7881|
+-+-----------+-----------+-----------+---------------+-----------+--------+-----+----+------+
Best-so-far configuration:          44    mean value:    -149651.4000
Description of the best-so-far configuration:
   .ID. alfa iterMaxTemp initialTemperature finalTemperature .PARENT.
44   44 0.95          20                500              0.1       24

# 2022-06-18 21:09:23 -03: Elite configurations (first number is the configuration ID; listed from best to worst according to the sum of ranks):
   alfa iterMaxTemp initialTemperature finalTemperature
44 0.95          20                500              0.1
30 0.95          20                500                1
24 0.95          20                500              0.1
50 0.95          30                250              0.1
# 2022-06-18 21:09:23 -03: Iteration 4 of 4
# experimentsUsedSoFar: 338
# remainingBudget: 162
# currentBudget: 162
# nbConfigurations: 18
# Markers:
     x No test is performed.
     c Configurations are discarded only due to capping.
     - The test is performed and some configurations are discarded.
     = The test is performed but no configuration is discarded.
     ! The test is performed and configurations could be discarded but elite configurations are preserved.
     . All alive configurations are elite and nothing is discarded

+-+-----------+-----------+-----------+---------------+-----------+--------+-----+----+------+
| |   Instance|      Alive|       Best|      Mean best| Exp so far|  W time|  rho|KenW|  Qvar|
+-+-----------+-----------+-----------+---------------+-----------+--------+-----+----+------+
|x|         11|         18|         50|   -330775.0000|         18|00:10:56|   NA|  NA|    NA|
|x|         10|         18|         50|   -282603.0000|         32|00:06:49|+0.58|0.79|0.1222|
|x|          8|         18|         50|   -198491.6667|         46|00:00:36|+0.68|0.79|0.1792|
|x|          3|         18|         44|   -221774.2500|         60|00:07:01|+0.66|0.74|0.1590|
|-|          9|          8|         24|   -201207.6000|         74|00:06:13|-0.05|0.16|0.8624|
|=|          4|          8|         24|   -230173.3333|         78|00:03:17|+0.04|0.20|0.7928|
|=|          1|          8|         24|   -202366.8571|         82|00:00:17|+0.03|0.17|0.6913|
|=|          5|          8|         24|   -181164.1250|         86|00:00:16|+0.07|0.19|0.6779|
|=|          7|          8|         44|   -162849.0000|         90|00:00:16|+0.08|0.18|0.6949|
|=|          6|          8|         44|   -149711.1000|         94|00:00:15|+0.07|0.17|0.7244|
|=|          2|          8|         44|   -166026.4545|         98|00:03:16|+0.07|0.16|0.7398|
|-|         12|          6|         44|   -161964.5000|        106|00:06:45|+0.03|0.11|0.7305|
|=|         13|          6|         50|   -152362.0769|        112|00:00:27|+0.02|0.10|0.7257|
|=|         14|          6|         50|   -142752.2143|        118|00:00:28|-0.01|0.06|0.7588|
+-+-----------+-----------+-----------+---------------+-----------+--------+-----+----+------+
Best-so-far configuration:          50    mean value:    -142752.2143
Description of the best-so-far configuration:
   .ID. alfa iterMaxTemp initialTemperature finalTemperature .PARENT.
50   50 0.95          30                250              0.1       27

# 2022-06-18 21:56:20 -03: Elite configurations (first number is the configuration ID; listed from best to worst according to the sum of ranks):
   alfa iterMaxTemp initialTemperature finalTemperature
50 0.95          30                250              0.1
44 0.95          20                500              0.1
24 0.95          20                500              0.1
30 0.95          20                500                1
# 2022-06-18 21:56:20 -03: Iteration 5 of 5
# experimentsUsedSoFar: 456
# remainingBudget: 44
# currentBudget: 44
# nbConfigurations: 6
# Markers:
     x No test is performed.
     c Configurations are discarded only due to capping.
     - The test is performed and some configurations are discarded.
     = The test is performed but no configuration is discarded.
     ! The test is performed and configurations could be discarded but elite configurations are preserved.
     . All alive configurations are elite and nothing is discarded

+-+-----------+-----------+-----------+---------------+-----------+--------+-----+----+------+
| |   Instance|      Alive|       Best|      Mean best| Exp so far|  W time|  rho|KenW|  Qvar|
+-+-----------+-----------+-----------+---------------+-----------+--------+-----+----+------+
|x|         15|          6|         44|   -234493.0000|          6|00:04:27|   NA|  NA|    NA|
|x|         12|          6|         44|   -175888.0000|          8|00:00:26|+0.14|0.57|0.6124|
|x|          3|          6|         44|   -215063.0000|         10|00:00:28|+0.39|0.59|0.4386|
|x|          4|          6|         44|   -255018.2500|         12|00:00:29|+0.42|0.56|0.3648|
|-|         13|          4|         50|   -210404.6000|         14|00:00:02|-0.20|0.04|0.9066|
|.|          8|          4|         50|   -180382.0000|         14|00:00:00|-0.13|0.06|0.8310|
|.|         10|          4|         50|   -188103.2857|         14|00:00:00|-0.11|0.04|0.7977|
|.|          6|          4|         50|   -168520.3750|         14|00:00:00|-0.09|0.04|0.7673|
|.|          5|          4|         50|   -153401.4444|         14|00:00:00|-0.09|0.03|0.7853|
|.|          7|          4|         50|   -139893.6000|         14|00:00:00|-0.04|0.07|0.7439|
|.|          2|          4|         50|   -157203.9091|         14|00:00:00|-0.08|0.02|0.7861|
|.|         14|          4|         50|   -145588.9167|         14|00:00:00|-0.05|0.03|0.7754|
|.|          9|          4|         50|   -143372.3846|         14|00:00:00|-0.06|0.02|0.7875|
|.|         11|          4|         50|   -156758.2857|         14|00:00:00|-0.06|0.01|0.7882|
|.|          1|          4|         50|   -148676.2667|         14|00:00:00|-0.06|0.01|0.7331|
+-+-----------+-----------+-----------+---------------+-----------+--------+-----+----+------+
Best-so-far configuration:          44    mean value:    -148570.4667
Description of the best-so-far configuration:
   .ID. alfa iterMaxTemp initialTemperature finalTemperature .PARENT.
44   44 0.95          20                500              0.1       24

# 2022-06-18 22:02:14 -03: Elite configurations (first number is the configuration ID; listed from best to worst according to the sum of ranks):
   alfa iterMaxTemp initialTemperature finalTemperature
44 0.95          20                500              0.1
50 0.95          30                250              0.1
24 0.95          20                500              0.1
30 0.95          20                500                1
# 2022-06-18 22:02:14 -03: Iteration 6 of 6
# experimentsUsedSoFar: 470
# remainingBudget: 30
# currentBudget: 30
# nbConfigurations: 5
# Markers:
     x No test is performed.
     c Configurations are discarded only due to capping.
     - The test is performed and some configurations are discarded.
     = The test is performed but no configuration is discarded.
     ! The test is performed and configurations could be discarded but elite configurations are preserved.
     . All alive configurations are elite and nothing is discarded

+-+-----------+-----------+-----------+---------------+-----------+--------+-----+----+------+
| |   Instance|      Alive|       Best|      Mean best| Exp so far|  W time|  rho|KenW|  Qvar|
+-+-----------+-----------+-----------+---------------+-----------+--------+-----+----+------+
|x|         16|          5|         44|   -293763.0000|          5|00:05:10|   NA|  NA|    NA|
|x|         10|          5|         50|   -264082.5000|          6|00:01:40|-0.10|0.45|0.4972|
|x|          7|          5|         44|   -181922.3333|          7|00:00:08|+0.03|0.36|0.6513|
|x|          1|          5|         44|   -145323.7500|          8|00:00:08|+0.02|0.27|0.5257|
|=|          4|          5|         50|   -191595.8000|          9|00:01:42|+0.15|0.32|0.4861|
|=|         12|          5|         50|   -179588.6667|         10|00:01:33|+0.13|0.27|0.4919|
|=|         13|          5|         50|   -158652.4286|         11|00:00:08|+0.15|0.27|0.4801|
|=|          8|          5|         50|   -142604.5000|         12|00:00:08|+0.11|0.23|0.5018|
|=|         11|          5|         50|   -163512.3333|         13|00:01:43|+0.17|0.26|0.5056|
|=|          2|          5|         50|   -180191.8000|         14|00:01:41|+0.12|0.20|0.5705|
|=|          9|          5|         50|   -174426.5455|         15|00:01:33|+0.03|0.11|0.6353|
|=|         14|          5|         50|   -161376.3333|         16|00:00:08|-0.00|0.08|0.6926|
|=|          5|          5|         50|   -151458.9231|         17|00:00:08|-0.03|0.05|0.7305|
|=|         15|          5|         50|   -157184.2143|         18|00:01:43|-0.04|0.03|0.7528|
|=|          6|          5|         44|   -148593.8000|         19|00:00:08|-0.04|0.03|0.7518|
|=|          3|          5|         44|   -157645.0000|         20|00:01:46|-0.04|0.03|0.7694|
|=|         17|          5|         44|   -150120.4118|         25|00:00:25|-0.04|0.02|0.7678|
+-+-----------+-----------+-----------+---------------+-----------+--------+-----+----+------+
Best-so-far configuration:          44    mean value:    -150120.4118
Description of the best-so-far configuration:
   .ID. alfa iterMaxTemp initialTemperature finalTemperature .PARENT.
44   44 0.95          20                500              0.1       24

# 2022-06-18 22:22:14 -03: Elite configurations (first number is the configuration ID; listed from best to worst according to the sum of ranks):
   alfa iterMaxTemp initialTemperature finalTemperature
44 0.95          20                500              0.1
50 0.95          30                250              0.1
70 0.95          20                500              0.1
24 0.95          20                500              0.1
# 2022-06-18 22:22:14 -03: Stopped because there is not enough budget left to race more than the minimum (4)
# You may either increase the budget or set 'minNbSurvival' to a lower value
# Iteration: 7
# nbIterations: 7
# experimentsUsedSoFar: 495
# timeUsed: 0
# remainingBudget: 5
# currentBudget: 5
# number of elites: 4
# nbConfigurations: 4
# Best configurations (first number is the configuration ID; listed from best to worst according to the sum of ranks):
   alfa iterMaxTemp initialTemperature finalTemperature
44 0.95          20                500              0.1
50 0.95          30                250              0.1
70 0.95          20                500              0.1
24 0.95          20                500              0.1
# Best configurations as commandlines (first number is the configuration ID; same order as above):
44  --alfa 0.95 --iterMaxTemp 20 --initialTemperature 500 --finalTemperature 0.1
50  --alfa 0.95 --iterMaxTemp 30 --initialTemperature 250 --finalTemperature 0.1
70  --alfa 0.95 --iterMaxTemp 20 --initialTemperature 500 --finalTemperature 0.1
24  --alfa 0.95 --iterMaxTemp 20 --initialTemperature 500 --finalTemperature 0.1
